<?xml version="1.0" encoding="UTF-8"?>
<!-- Generated by org.testng.reporters.JUnitReportReporter -->
<testsuite skipped="0" hostname="DESKTOP-P547TCC" name="com.apipostproject.JiraAPIAutomation.sessionidpost" tests="1" failures="0" timestamp="2019-10-19T08:28:23 IST" time="1.461" errors="0">
  <testcase name="session" time="1.461" classname="com.apipostproject.JiraAPIAutomation.sessionidpost"/>
</testsuite> <!-- com.apipostproject.JiraAPIAutomation.sessionidpost -->
