<?xml version="1.0" encoding="UTF-8"?>
<!-- Generated by org.testng.reporters.JUnitReportReporter -->
<testsuite skipped="0" hostname="DESKTOP-P547TCC" name="com.apipostproject.JiraAPIAutomation.Jirapostmethod1" tests="3" failures="0" timestamp="2019-11-01T17:35:56 IST" time="5.428" errors="0">
  <testcase name="jirapostexecution" time="4.929" classname="com.apipostproject.JiraAPIAutomation.Jirapostmethod1"/>
  <testcase name="jirapostexecution" time="0.328" classname="com.apipostproject.JiraAPIAutomation.Jirapostmethod1"/>
  <testcase name="jirapostexecution" time="0.171" classname="com.apipostproject.JiraAPIAutomation.Jirapostmethod1"/>
</testsuite> <!-- com.apipostproject.JiraAPIAutomation.Jirapostmethod1 -->
